Arguments: 
  D:\Programing\nodejs\node.exe D:\Programing\nodejs\global_modules\node_modules\yarn\bin\yarn.js add --dev @babel/env

PATH: 
  C:\Program Files (x86)\Common Files\Oracle\Java\javapath;C:\WINDOWS\system32;C:\WINDOWS;C:\WINDOWS\System32\Wbem;C:\WINDOWS\System32\WindowsPowerShell\v1.0\;D:\Programing\nodejs\;D:\Program Files\Git\cmd;C:\WINDOWS\System32\OpenSSH\;;D:\Program Files\Microsoft VS Code\bin;D:\Programing\nodejs;D:\Programing\nodejs\global_modules;D:\Programing\nodejs\modules_cache;D:\Program Files (x86)\Python 2.7;D:\Program Files\JDK 8\bin;D:\Program Files\JDK 8\jre\bin;D:\Program Files (x86)\apache-maven-3.6.0\bin;D:\Program Files\JetBrains\IntelliJ IDEA Community Edition 2019\IntelliJ IDEA Community Edition 2019.1\bin;;D:\Program Files\Gradle\gradle-5.3.1\bin;D:\Program Files\PostgreSQL\11\pgAdmin 4\bin;D:\Program Files (x86)\Cmder;C:\Users\Administrator\AppData\Local\Microsoft\WindowsApps

Yarn version: 
  1.16.0

Node version: 
  10.15.3

Platform: 
  win32 x64

Trace: 
  Error: https://registry.npm.taobao.org/@babel%2fenv: Not found
      at Request.params.callback [as _callback] (D:\Programing\nodejs\global_modules\node_modules\yarn\lib\cli.js:66091:18)
      at Request.self.callback (D:\Programing\nodejs\global_modules\node_modules\yarn\lib\cli.js:129590:22)
      at Request.emit (events.js:189:13)
      at Request.<anonymous> (D:\Programing\nodejs\global_modules\node_modules\yarn\lib\cli.js:130562:10)
      at Request.emit (events.js:189:13)
      at IncomingMessage.<anonymous> (D:\Programing\nodejs\global_modules\node_modules\yarn\lib\cli.js:130484:12)
      at Object.onceWrapper (events.js:277:13)
      at IncomingMessage.emit (events.js:194:15)
      at endReadableNT (_stream_readable.js:1125:12)
      at process._tickCallback (internal/process/next_tick.js:63:19)

npm manifest: 
  {
    "name": "editor",
    "version": "0.0.1",
    "description": "",
    "main": "src/main.ts",
    "module": "dist/editor.esm.js",
    "umd": "dist/editor.umd.js",
    "scripts": {
      "test": "echo \"Error: no test specified\" && exit 1",
      "dev": "rollup -c -w",
      "build": "rollup -c"
    },
    "repository": {
      "type": "git",
      "url": "git+https://github.com/wjw99830/editor.git"
    },
    "keywords": [
      "editor"
    ],
    "author": "wjw",
    "license": "MIT",
    "bugs": {
      "url": "https://github.com/wjw99830/editor/issues"
    },
    "homepage": "https://github.com/wjw99830/editor#readme",
    "devDependencies": {
      "@babel/core": "^7.5.5",
      "rollup": "^1.18.0",
      "rollup-plugin-babel": "^4.3.3",
      "rollup-plugin-commonjs": "^10.0.2",
      "rollup-plugin-typescript2": "^0.22.1",
      "typescript": "^3.5.3"
    },
    "dependencies": {
      "@babel/polyfill": "^7.4.4",
      "@wpkg/utils": "^0.1.2"
    }
  }

yarn manifest: 
  No manifest

Lockfile: 
  # THIS IS AN AUTOGENERATED FILE. DO NOT EDIT THIS FILE DIRECTLY.
  # yarn lockfile v1
  
  
  "@babel/code-frame@^7.0.0", "@babel/code-frame@^7.5.5":
    version "7.5.5"
    resolved "https://registry.npm.taobao.org/@babel/code-frame/download/@babel/code-frame-7.5.5.tgz#bc0782f6d69f7b7d49531219699b988f669a8f9d"
    integrity sha1-vAeC9tafe31JUxIZaZuYj2aaj50=
    dependencies:
      "@babel/highlight" "^7.0.0"
  
  "@babel/core@^7.5.5":
    version "7.5.5"
    resolved "https://registry.npm.taobao.org/@babel/core/download/@babel/core-7.5.5.tgz#17b2686ef0d6bc58f963dddd68ab669755582c30"
    integrity sha1-F7JobvDWvFj5Y93daKtml1VYLDA=
    dependencies:
      "@babel/code-frame" "^7.5.5"
      "@babel/generator" "^7.5.5"
      "@babel/helpers" "^7.5.5"
      "@babel/parser" "^7.5.5"
      "@babel/template" "^7.4.4"
      "@babel/traverse" "^7.5.5"
      "@babel/types" "^7.5.5"
      convert-source-map "^1.1.0"
      debug "^4.1.0"
      json5 "^2.1.0"
      lodash "^4.17.13"
      resolve "^1.3.2"
      semver "^5.4.1"
      source-map "^0.5.0"
  
  "@babel/generator@^7.5.5":
    version "7.5.5"
    resolved "https://registry.npm.taobao.org/@babel/generator/download/@babel/generator-7.5.5.tgz#873a7f936a3c89491b43536d12245b626664e3cf"
    integrity sha1-hzp/k2o8iUkbQ1NtEiRbYmZk488=
    dependencies:
      "@babel/types" "^7.5.5"
      jsesc "^2.5.1"
      lodash "^4.17.13"
      source-map "^0.5.0"
      trim-right "^1.0.1"
  
  "@babel/helper-function-name@^7.1.0":
    version "7.1.0"
    resolved "https://registry.npm.taobao.org/@babel/helper-function-name/download/@babel/helper-function-name-7.1.0.tgz#a0ceb01685f73355d4360c1247f582bfafc8ff53"
    integrity sha1-oM6wFoX3M1XUNgwSR/WCv6/I/1M=
    dependencies:
      "@babel/helper-get-function-arity" "^7.0.0"
      "@babel/template" "^7.1.0"
      "@babel/types" "^7.0.0"
  
  "@babel/helper-get-function-arity@^7.0.0":
    version "7.0.0"
    resolved "https://registry.npm.taobao.org/@babel/helper-get-function-arity/download/@babel/helper-get-function-arity-7.0.0.tgz#83572d4320e2a4657263734113c42868b64e49c3"
    integrity sha1-g1ctQyDipGVyY3NBE8QoaLZOScM=
    dependencies:
      "@babel/types" "^7.0.0"
  
  "@babel/helper-module-imports@^7.0.0":
    version "7.0.0"
    resolved "https://registry.npm.taobao.org/@babel/helper-module-imports/download/@babel/helper-module-imports-7.0.0.tgz#96081b7111e486da4d2cd971ad1a4fe216cc2e3d"
    integrity sha1-lggbcRHkhtpNLNlxrRpP4hbMLj0=
    dependencies:
      "@babel/types" "^7.0.0"
  
  "@babel/helper-split-export-declaration@^7.4.4":
    version "7.4.4"
    resolved "https://registry.npm.taobao.org/@babel/helper-split-export-declaration/download/@babel/helper-split-export-declaration-7.4.4.tgz#ff94894a340be78f53f06af038b205c49d993677"
    integrity sha1-/5SJSjQL549T8GrwOLIFxJ2ZNnc=
    dependencies:
      "@babel/types" "^7.4.4"
  
  "@babel/helpers@^7.5.5":
    version "7.5.5"
    resolved "https://registry.npm.taobao.org/@babel/helpers/download/@babel/helpers-7.5.5.tgz#63908d2a73942229d1e6685bc2a0e730dde3b75e"
    integrity sha1-Y5CNKnOUIinR5mhbwqDnMN3jt14=
    dependencies:
      "@babel/template" "^7.4.4"
      "@babel/traverse" "^7.5.5"
      "@babel/types" "^7.5.5"
  
  "@babel/highlight@^7.0.0":
    version "7.5.0"
    resolved "https://registry.npm.taobao.org/@babel/highlight/download/@babel/highlight-7.5.0.tgz#56d11312bd9248fa619591d02472be6e8cb32540"
    integrity sha1-VtETEr2SSPphlZHQJHK+boyzJUA=
    dependencies:
      chalk "^2.0.0"
      esutils "^2.0.2"
      js-tokens "^4.0.0"
  
  "@babel/parser@^7.4.4", "@babel/parser@^7.5.5":
    version "7.5.5"
    resolved "https://registry.npm.taobao.org/@babel/parser/download/@babel/parser-7.5.5.tgz#02f077ac8817d3df4a832ef59de67565e71cca4b"
    integrity sha1-AvB3rIgX099Kgy71neZ1Zeccyks=
  
  "@babel/polyfill@^7.4.4":
    version "7.4.4"
    resolved "https://registry.npm.taobao.org/@babel/polyfill/download/@babel/polyfill-7.4.4.tgz?cache=0&other_urls=https%3A%2F%2Fregistry.npm.taobao.org%2F%40babel%2Fpolyfill%2Fdownload%2F%40babel%2Fpolyfill-7.4.4.tgz#78801cf3dbe657844eeabf31c1cae3828051e893"
    integrity sha1-eIAc89vmV4RO6r8xwcrjgoBR6JM=
    dependencies:
      core-js "^2.6.5"
      regenerator-runtime "^0.13.2"
  
  "@babel/template@^7.1.0", "@babel/template@^7.4.4":
    version "7.4.4"
    resolved "https://registry.npm.taobao.org/@babel/template/download/@babel/template-7.4.4.tgz#f4b88d1225689a08f5bc3a17483545be9e4ed237"
    integrity sha1-9LiNEiVomgj1vDoXSDVFvp5O0jc=
    dependencies:
      "@babel/code-frame" "^7.0.0"
      "@babel/parser" "^7.4.4"
      "@babel/types" "^7.4.4"
  
  "@babel/traverse@^7.5.5":
    version "7.5.5"
    resolved "https://registry.npm.taobao.org/@babel/traverse/download/@babel/traverse-7.5.5.tgz#f664f8f368ed32988cd648da9f72d5ca70f165bb"
    integrity sha1-9mT482jtMpiM1kjan3LVynDxZbs=
    dependencies:
      "@babel/code-frame" "^7.5.5"
      "@babel/generator" "^7.5.5"
      "@babel/helper-function-name" "^7.1.0"
      "@babel/helper-split-export-declaration" "^7.4.4"
      "@babel/parser" "^7.5.5"
      "@babel/types" "^7.5.5"
      debug "^4.1.0"
      globals "^11.1.0"
      lodash "^4.17.13"
  
  "@babel/types@^7.0.0", "@babel/types@^7.4.4", "@babel/types@^7.5.5":
    version "7.5.5"
    resolved "https://registry.npm.taobao.org/@babel/types/download/@babel/types-7.5.5.tgz?cache=0&sync_timestamp=1563399346263&other_urls=https%3A%2F%2Fregistry.npm.taobao.org%2F%40babel%2Ftypes%2Fdownload%2F%40babel%2Ftypes-7.5.5.tgz#97b9f728e182785909aa4ab56264f090a028d18a"
    integrity sha1-l7n3KOGCeFkJqkq1YmTwkKAo0Yo=
    dependencies:
      esutils "^2.0.2"
      lodash "^4.17.13"
      to-fast-properties "^2.0.0"
  
  "@types/estree@0.0.39":
    version "0.0.39"
    resolved "https://registry.npm.taobao.org/@types/estree/download/@types/estree-0.0.39.tgz#e177e699ee1b8c22d23174caaa7422644389509f"
    integrity sha1-4Xfmme4bjCLSMXTKqnQiZEOJUJ8=
  
  "@types/node@^12.6.3":
    version "12.6.9"
    resolved "https://registry.npm.taobao.org/@types/node/download/@types/node-12.6.9.tgz#ffeee23afdc19ab16e979338e7b536fdebbbaeaf"
    integrity sha1-/+7iOv3BmrFul5M457U2/eu7rq8=
  
  "@wpkg/utils@^0.1.2":
    version "0.1.2"
    resolved "https://registry.npm.taobao.org/@wpkg/utils/download/@wpkg/utils-0.1.2.tgz#30f47d7b1292cb34c115e2ea137dbc90fb80fb4d"
    integrity sha1-MPR9exKSyzTBFeLqE328kPuA+00=
  
  acorn@^6.2.0:
    version "6.2.1"
    resolved "https://registry.npm.taobao.org/acorn/download/acorn-6.2.1.tgz#3ed8422d6dec09e6121cc7a843ca86a330a86b51"
    integrity sha1-PthCLW3sCeYSHMeoQ8qGozCoa1E=
  
  ansi-styles@^3.2.1:
    version "3.2.1"
    resolved "https://registry.npm.taobao.org/ansi-styles/download/ansi-styles-3.2.1.tgz?cache=0&other_urls=https%3A%2F%2Fregistry.npm.taobao.org%2Fansi-styles%2Fdownload%2Fansi-styles-3.2.1.tgz#41fbb20243e50b12be0f04b8dedbf07520ce841d"
    integrity sha1-QfuyAkPlCxK+DwS43tvwdSDOhB0=
    dependencies:
      color-convert "^1.9.0"
  
  chalk@^2.0.0:
    version "2.4.2"
    resolved "https://registry.npm.taobao.org/chalk/download/chalk-2.4.2.tgz#cd42541677a54333cf541a49108c1432b44c9424"
    integrity sha1-zUJUFnelQzPPVBpJEIwUMrRMlCQ=
    dependencies:
      ansi-styles "^3.2.1"
      escape-string-regexp "^1.0.5"
      supports-color "^5.3.0"
  
  color-convert@^1.9.0:
    version "1.9.3"
    resolved "https://registry.npm.taobao.org/color-convert/download/color-convert-1.9.3.tgz#bb71850690e1f136567de629d2d5471deda4c1e8"
    integrity sha1-u3GFBpDh8TZWfeYp0tVHHe2kweg=
    dependencies:
      color-name "1.1.3"
  
  color-name@1.1.3:
    version "1.1.3"
    resolved "https://registry.npm.taobao.org/color-name/download/color-name-1.1.3.tgz#a7d0558bd89c42f795dd42328f740831ca53bc25"
    integrity sha1-p9BVi9icQveV3UIyj3QIMcpTvCU=
  
  convert-source-map@^1.1.0:
    version "1.6.0"
    resolved "https://registry.npm.taobao.org/convert-source-map/download/convert-source-map-1.6.0.tgz#51b537a8c43e0f04dec1993bffcdd504e758ac20"
    integrity sha1-UbU3qMQ+DwTewZk7/83VBOdYrCA=
    dependencies:
      safe-buffer "~5.1.1"
  
  core-js@^2.6.5:
    version "2.6.9"
    resolved "https://registry.npm.taobao.org/core-js/download/core-js-2.6.9.tgz?cache=0&sync_timestamp=1565612695976&other_urls=https%3A%2F%2Fregistry.npm.taobao.org%2Fcore-js%2Fdownload%2Fcore-js-2.6.9.tgz#6b4b214620c834152e179323727fc19741b084f2"
    integrity sha1-a0shRiDINBUuF5Mjcn/Bl0GwhPI=
  
  debug@^4.1.0:
    version "4.1.1"
    resolved "https://registry.npm.taobao.org/debug/download/debug-4.1.1.tgz#3b72260255109c6b589cee050f1d516139664791"
    integrity sha1-O3ImAlUQnGtYnO4FDx1RYTlmR5E=
    dependencies:
      ms "^2.1.1"
  
  escape-string-regexp@^1.0.5:
    version "1.0.5"
    resolved "https://registry.npm.taobao.org/escape-string-regexp/download/escape-string-regexp-1.0.5.tgz?cache=0&other_urls=https%3A%2F%2Fregistry.npm.taobao.org%2Fescape-string-regexp%2Fdownload%2Fescape-string-regexp-1.0.5.tgz#1b61c0562190a8dff6ae3bb2cf0200ca130b86d4"
    integrity sha1-G2HAViGQqN/2rjuyzwIAyhMLhtQ=
  
  estree-walker@^0.6.1:
    version "0.6.1"
    resolved "https://registry.npm.taobao.org/estree-walker/download/estree-walker-0.6.1.tgz#53049143f40c6eb918b23671d1fe3219f3a1b362"
    integrity sha1-UwSRQ/QMbrkYsjZx0f4yGfOhs2I=
  
  esutils@^2.0.2:
    version "2.0.3"
    resolved "https://registry.npm.taobao.org/esutils/download/esutils-2.0.3.tgz#74d2eb4de0b8da1293711910d50775b9b710ef64"
    integrity sha1-dNLrTeC42hKTcRkQ1Qd1ubcQ72Q=
  
  fs-extra@8.1.0:
    version "8.1.0"
    resolved "https://registry.npm.taobao.org/fs-extra/download/fs-extra-8.1.0.tgz?cache=0&other_urls=https%3A%2F%2Fregistry.npm.taobao.org%2Ffs-extra%2Fdownload%2Ffs-extra-8.1.0.tgz#49d43c45a88cd9677668cb7be1b46efdb8d2e1c0"
    integrity sha1-SdQ8RaiM2Wd2aMt74bRu/bjS4cA=
    dependencies:
      graceful-fs "^4.2.0"
      jsonfile "^4.0.0"
      universalify "^0.1.0"
  
  globals@^11.1.0:
    version "11.12.0"
    resolved "https://registry.npm.taobao.org/globals/download/globals-11.12.0.tgz#ab8795338868a0babd8525758018c2a7eb95c42e"
    integrity sha1-q4eVM4hooLq9hSV1gBjCp+uVxC4=
  
  graceful-fs@^4.1.6, graceful-fs@^4.2.0:
    version "4.2.1"
    resolved "https://registry.npm.taobao.org/graceful-fs/download/graceful-fs-4.2.1.tgz?cache=0&sync_timestamp=1564898698078&other_urls=https%3A%2F%2Fregistry.npm.taobao.org%2Fgraceful-fs%2Fdownload%2Fgraceful-fs-4.2.1.tgz#1c1f0c364882c868f5bff6512146328336a11b1d"
    integrity sha1-HB8MNkiCyGj1v/ZRIUYygzahGx0=
  
  has-flag@^3.0.0:
    version "3.0.0"
    resolved "https://registry.npm.taobao.org/has-flag/download/has-flag-3.0.0.tgz#b5d454dc2199ae225699f3467e5a07f3b955bafd"
    integrity sha1-tdRU3CGZriJWmfNGfloH87lVuv0=
  
  is-reference@^1.1.2:
    version "1.1.3"
    resolved "https://registry.npm.taobao.org/is-reference/download/is-reference-1.1.3.tgz#e99059204b66fdbe09305cfca715a29caa5c8a51"
    integrity sha1-6ZBZIEtm/b4JMFz8pxWinKpcilE=
    dependencies:
      "@types/estree" "0.0.39"
  
  js-tokens@^4.0.0:
    version "4.0.0"
    resolved "https://registry.npm.taobao.org/js-tokens/download/js-tokens-4.0.0.tgz#19203fb59991df98e3a287050d4647cdeaf32499"
    integrity sha1-GSA/tZmR35jjoocFDUZHzerzJJk=
  
  jsesc@^2.5.1:
    version "2.5.2"
    resolved "https://registry.npm.taobao.org/jsesc/download/jsesc-2.5.2.tgz#80564d2e483dacf6e8ef209650a67df3f0c283a4"
    integrity sha1-gFZNLkg9rPbo7yCWUKZ98/DCg6Q=
  
  json5@^2.1.0:
    version "2.1.0"
    resolved "https://registry.npm.taobao.org/json5/download/json5-2.1.0.tgz#e7a0c62c48285c628d20a10b85c89bb807c32850"
    integrity sha1-56DGLEgoXGKNIKELhcibuAfDKFA=
    dependencies:
      minimist "^1.2.0"
  
  jsonfile@^4.0.0:
    version "4.0.0"
    resolved "https://registry.npm.taobao.org/jsonfile/download/jsonfile-4.0.0.tgz#8771aae0799b64076b76640fca058f9c10e33ecb"
    integrity sha1-h3Gq4HmbZAdrdmQPygWPnBDjPss=
    optionalDependencies:
      graceful-fs "^4.1.6"
  
  lodash@^4.17.13:
    version "4.17.15"
    resolved "https://registry.npm.taobao.org/lodash/download/lodash-4.17.15.tgz?cache=0&other_urls=https%3A%2F%2Fregistry.npm.taobao.org%2Flodash%2Fdownload%2Flodash-4.17.15.tgz#b447f6670a0455bbfeedd11392eff330ea097548"
    integrity sha1-tEf2ZwoEVbv+7dETku/zMOoJdUg=
  
  magic-string@^0.25.2:
    version "0.25.3"
    resolved "https://registry.npm.taobao.org/magic-string/download/magic-string-0.25.3.tgz?cache=0&other_urls=https%3A%2F%2Fregistry.npm.taobao.org%2Fmagic-string%2Fdownload%2Fmagic-string-0.25.3.tgz#34b8d2a2c7fec9d9bdf9929a3fd81d271ef35be9"
    integrity sha1-NLjSosf+ydm9+ZKaP9gdJx7zW+k=
    dependencies:
      sourcemap-codec "^1.4.4"
  
  minimist@^1.2.0:
    version "1.2.0"
    resolved "https://registry.npm.taobao.org/minimist/download/minimist-1.2.0.tgz#a35008b20f41383eec1fb914f4cd5df79a264284"
    integrity sha1-o1AIsg9BOD7sH7kU9M1d95omQoQ=
  
  ms@^2.1.1:
    version "2.1.2"
    resolved "https://registry.npm.taobao.org/ms/download/ms-2.1.2.tgz?cache=0&other_urls=https%3A%2F%2Fregistry.npm.taobao.org%2Fms%2Fdownload%2Fms-2.1.2.tgz#d09d1f357b443f493382a8eb3ccd183872ae6009"
    integrity sha1-0J0fNXtEP0kzgqjrPM0YOHKuYAk=
  
  path-parse@^1.0.6:
    version "1.0.6"
    resolved "https://registry.npm.taobao.org/path-parse/download/path-parse-1.0.6.tgz#d62dbb5679405d72c4737ec58600e9ddcf06d24c"
    integrity sha1-1i27VnlAXXLEc37FhgDp3c8G0kw=
  
  regenerator-runtime@^0.13.2:
    version "0.13.3"
    resolved "https://registry.npm.taobao.org/regenerator-runtime/download/regenerator-runtime-0.13.3.tgz?cache=0&other_urls=https%3A%2F%2Fregistry.npm.taobao.org%2Fregenerator-runtime%2Fdownload%2Fregenerator-runtime-0.13.3.tgz#7cf6a77d8f5c6f60eb73c5fc1955b2ceb01e6bf5"
    integrity sha1-fPanfY9cb2Drc8X8GVWyzrAea/U=
  
  resolve@1.11.1:
    version "1.11.1"
    resolved "https://registry.npm.taobao.org/resolve/download/resolve-1.11.1.tgz?cache=0&sync_timestamp=1564641434608&other_urls=https%3A%2F%2Fregistry.npm.taobao.org%2Fresolve%2Fdownload%2Fresolve-1.11.1.tgz#ea10d8110376982fef578df8fc30b9ac30a07a3e"
    integrity sha1-6hDYEQN2mC/vV434/DC5rDCgej4=
    dependencies:
      path-parse "^1.0.6"
  
  resolve@^1.11.0, resolve@^1.3.2:
    version "1.12.0"
    resolved "https://registry.npm.taobao.org/resolve/download/resolve-1.12.0.tgz?cache=0&sync_timestamp=1564641434608&other_urls=https%3A%2F%2Fregistry.npm.taobao.org%2Fresolve%2Fdownload%2Fresolve-1.12.0.tgz#3fc644a35c84a48554609ff26ec52b66fa577df6"
    integrity sha1-P8ZEo1yEpIVUYJ/ybsUrZvpXffY=
    dependencies:
      path-parse "^1.0.6"
  
  rollup-plugin-babel@^4.3.3:
    version "4.3.3"
    resolved "https://registry.npm.taobao.org/rollup-plugin-babel/download/rollup-plugin-babel-4.3.3.tgz#7eb5ac16d9b5831c3fd5d97e8df77ba25c72a2aa"
    integrity sha1-frWsFtm1gxw/1dl+jfd7olxyoqo=
    dependencies:
      "@babel/helper-module-imports" "^7.0.0"
      rollup-pluginutils "^2.8.1"
  
  rollup-plugin-commonjs@^10.0.2:
    version "10.0.2"
    resolved "https://registry.npm.taobao.org/rollup-plugin-commonjs/download/rollup-plugin-commonjs-10.0.2.tgz#61328f3a29945e2c35f2b2e824c18944fd88a54d"
    integrity sha1-YTKPOimUXiw18rLoJMGJRP2IpU0=
    dependencies:
      estree-walker "^0.6.1"
      is-reference "^1.1.2"
      magic-string "^0.25.2"
      resolve "^1.11.0"
      rollup-pluginutils "^2.8.1"
  
  rollup-plugin-typescript2@^0.22.1:
    version "0.22.1"
    resolved "https://registry.npm.taobao.org/rollup-plugin-typescript2/download/rollup-plugin-typescript2-0.22.1.tgz#7678b7decc6808e600ff36c32febd31081b55405"
    integrity sha1-dni33sxoCOYA/zbDL+vTEIG1VAU=
    dependencies:
      fs-extra "8.1.0"
      resolve "1.11.1"
      rollup-pluginutils "2.8.1"
      tslib "1.10.0"
  
  rollup-pluginutils@2.8.1, rollup-pluginutils@^2.8.1:
    version "2.8.1"
    resolved "https://registry.npm.taobao.org/rollup-pluginutils/download/rollup-pluginutils-2.8.1.tgz?cache=0&other_urls=https%3A%2F%2Fregistry.npm.taobao.org%2Frollup-pluginutils%2Fdownload%2Frollup-pluginutils-2.8.1.tgz#8fa6dd0697344938ef26c2c09d2488ce9e33ce97"
    integrity sha1-j6bdBpc0STjvJsLAnSSIzp4zzpc=
    dependencies:
      estree-walker "^0.6.1"
  
  rollup@^1.18.0:
    version "1.18.0"
    resolved "https://registry.npm.taobao.org/rollup/download/rollup-1.18.0.tgz#98ea36472523ed712e20c0e996fd051882f787e6"
    integrity sha1-mOo2RyUj7XEuIMDplv0FGIL3h+Y=
    dependencies:
      "@types/estree" "0.0.39"
      "@types/node" "^12.6.3"
      acorn "^6.2.0"
  
  safe-buffer@~5.1.1:
    version "5.1.2"
    resolved "https://registry.npm.taobao.org/safe-buffer/download/safe-buffer-5.1.2.tgz#991ec69d296e0313747d59bdfd2b745c35f8828d"
    integrity sha1-mR7GnSluAxN0fVm9/St0XDX4go0=
  
  semver@^5.4.1:
    version "5.7.1"
    resolved "https://registry.npm.taobao.org/semver/download/semver-5.7.1.tgz#a954f931aeba508d307bbf069eff0c01c96116f7"
    integrity sha1-qVT5Ma66UI0we78Gnv8MAclhFvc=
  
  source-map@^0.5.0:
    version "0.5.7"
    resolved "https://registry.npm.taobao.org/source-map/download/source-map-0.5.7.tgz#8a039d2d1021d22d1ea14c80d8ea468ba2ef3fcc"
    integrity sha1-igOdLRAh0i0eoUyA2OpGi6LvP8w=
  
  sourcemap-codec@^1.4.4:
    version "1.4.6"
    resolved "https://registry.npm.taobao.org/sourcemap-codec/download/sourcemap-codec-1.4.6.tgz?cache=0&sync_timestamp=1562200915929&other_urls=https%3A%2F%2Fregistry.npm.taobao.org%2Fsourcemap-codec%2Fdownload%2Fsourcemap-codec-1.4.6.tgz#e30a74f0402bad09807640d39e971090a08ce1e9"
    integrity sha1-4wp08EArrQmAdkDTnpcQkKCM4ek=
  
  supports-color@^5.3.0:
    version "5.5.0"
    resolved "https://registry.npm.taobao.org/supports-color/download/supports-color-5.5.0.tgz#e2e69a44ac8772f78a1ec0b35b689df6530efc8f"
    integrity sha1-4uaaRKyHcveKHsCzW2id9lMO/I8=
    dependencies:
      has-flag "^3.0.0"
  
  to-fast-properties@^2.0.0:
    version "2.0.0"
    resolved "https://registry.npm.taobao.org/to-fast-properties/download/to-fast-properties-2.0.0.tgz#dc5e698cbd079265bc73e0377681a4e4e83f616e"
    integrity sha1-3F5pjL0HkmW8c+A3doGk5Og/YW4=
  
  trim-right@^1.0.1:
    version "1.0.1"
    resolved "https://registry.npm.taobao.org/trim-right/download/trim-right-1.0.1.tgz#cb2e1203067e0c8de1f614094b9fe45704ea6003"
    integrity sha1-yy4SAwZ+DI3h9hQJS5/kVwTqYAM=
  
  tslib@1.10.0:
    version "1.10.0"
    resolved "https://registry.npm.taobao.org/tslib/download/tslib-1.10.0.tgz?cache=0&other_urls=https%3A%2F%2Fregistry.npm.taobao.org%2Ftslib%2Fdownload%2Ftslib-1.10.0.tgz#c3c19f95973fb0a62973fb09d90d961ee43e5c8a"
    integrity sha1-w8GflZc/sKYpc/sJ2Q2WHuQ+XIo=
  
  typescript@^3.5.3:
    version "3.5.3"
    resolved "https://registry.npm.taobao.org/typescript/download/typescript-3.5.3.tgz#c830f657f93f1ea846819e929092f5fe5983e977"
    integrity sha1-yDD2V/k/HqhGgZ6SkJL1/lmD6Xc=
  
  universalify@^0.1.0:
    version "0.1.2"
    resolved "https://registry.npm.taobao.org/universalify/download/universalify-0.1.2.tgz#b646f69be3942dabcecc9d6639c80dc105efaa66"
    integrity sha1-tkb2m+OULavOzJ1mOcgNwQXvqmY=
